SFU server listening on port 8080
Video files will be stored in /Users/eunju.kim/video
websocket connected
websocket closed
websocket connected
websocket closed
Starting session for streamKey: bf0cb38b-e586-4a3f-8e47-21307c6461ce, ports: {"rtpPort":5100,"rtcpPort":5101}
Generated SSRC: 683232373
Creating ingest transport...
Initializing mediasoup worker...
Worker config: rtcMinPort=10000, rtcMaxPort=20000
Mediasoup worker created successfully
Creating mediasoup router...
Mediasoup router created successfully
Ingest created successfully: {"transportId":"d7ec1720-ec89-4ea2-bc6e-ea99bfc546c3","rtpPort":12034,"rtcpPort":10545,"rtpParameters":{"codecs":[{"mimeType":"video/H264","payloadType":96,"clockRate":90000,"rtcpFeedback":[{"type":"nack"},{"type":"nack","parameter":"pli"},{"type":"ccm","parameter":"fir"},{"type":"goog-remb"}],"parameters":{"packetization-mode":1,"profile-level-id":"42e01f"}}],"encodings":[{"ssrc":683232373}],"headerExtensions":[{"uri":"urn:ietf:params:rtp-hdrext:sdes:mid","id":10}],"rtcp":{"cname":"stream-683232373","reducedSize":false,"mux":false}}}
Allocating recording ports...
Recording ports allocated: {"rtpPort":6000,"rtcpPort":6001}
Starting recording...
recording started for bf0cb38b-e586-4a3f-8e47-21307c6461ce -> /Users/eunju.kim/video/TRAINING/SESSION/STUDENT/bf0cb38b-e586-4a3f-8e47-21307c6461ce.mp4
Recording started: {"directory":"/Users/eunju.kim/video/TRAINING/SESSION/STUDENT","sdpPath":"/Users/eunju.kim/video/TRAINING/SESSION/STUDENT/bf0cb38b-e586-4a3f-8e47-21307c6461ce.sdp","mp4Path":"/Users/eunju.kim/video/TRAINING/SESSION/STUDENT/bf0cb38b-e586-4a3f-8e47-21307c6461ce.mp4"}
Creating recording pipeline...
Mediasoup worker already initialized
Recording pipeline created successfully
websocket connected
Mediasoup worker already initialized
Mediasoup worker already initialized
Creating consumer for streamKey: bf0cb38b-e586-4a3f-8e47-21307c6461ce, transportId: 79171617-384b-4ee6-b867-ba1de46c3a4e
Transport found: 79171617-384b-4ee6-b867-ba1de46c3a4e
Producer found: a1a477ba-82b9-4a28-80fd-e044699f2c97, kind: video, paused: false, closed: false
Producer stats: [
  {
    "timestamp": 259768766,
    "ssrc": 683232373,
    "kind": "video",
    "mimeType": "video/H264",
    "packetsLost": 0,
    "fractionLost": 0,
    "packetsDiscarded": 0,
    "packetsRetransmitted": 0,
    "packetsRepaired": 0,
    "nackCount": 0,
    "nackPacketCount": 0,
    "pliCount": 0,
    "firCount": 0,
    "score": 10,
    "roundTripTime": 0,
    "type": "inbound-rtp",
    "jitter": 694,
    "byteCount": 11246911,
    "packetCount": 10142,
    "bitrate": 3749379,
    "bitrateByLayer": {}
  }
]
RTP capabilities check passed
Consumer created: 7e3656d6-55f7-4b6f-97a3-944b13e0468b, kind: video, paused: true
Resuming consumer: 7e3656d6-55f7-4b6f-97a3-944b13e0468b
Consumer found: 7e3656d6-55f7-4b6f-97a3-944b13e0468b, paused: true
Consumer resumed: 7e3656d6-55f7-4b6f-97a3-944b13e0468b, paused: false
websocket closed
websocket connected
Mediasoup worker already initialized
Mediasoup worker already initialized
Creating consumer for streamKey: bf0cb38b-e586-4a3f-8e47-21307c6461ce, transportId: 9747f7b3-68de-450d-b8b4-c494a9d3bce5
Transport found: 9747f7b3-68de-450d-b8b4-c494a9d3bce5
Producer found: a1a477ba-82b9-4a28-80fd-e044699f2c97, kind: video, paused: false, closed: false
Producer stats: [
  {
    "timestamp": 259817544,
    "ssrc": 683232373,
    "kind": "video",
    "mimeType": "video/H264",
    "packetsLost": 0,
    "fractionLost": 0,
    "packetsDiscarded": 0,
    "packetsRetransmitted": 0,
    "packetsRepaired": 0,
    "nackCount": 0,
    "nackPacketCount": 0,
    "pliCount": 1,
    "firCount": 0,
    "score": 10,
    "roundTripTime": 0,
    "type": "inbound-rtp",
    "jitter": 184,
    "byteCount": 34530380,
    "packetCount": 31155,
    "bitrate": 3755133,
    "bitrateByLayer": {}
  }
]
RTP capabilities check passed
Consumer created: a434a7a1-8ff3-4cfa-b952-67fbd8fd8571, kind: video, paused: true
Resuming consumer: a434a7a1-8ff3-4cfa-b952-67fbd8fd8571
Consumer found: a434a7a1-8ff3-4cfa-b952-67fbd8fd8571, paused: true
Consumer resumed: a434a7a1-8ff3-4cfa-b952-67fbd8fd8571, paused: false
Starting session for streamKey: 89092137-949e-45d0-b870-b05a0d6df55c, ports: {"rtpPort":5102,"rtcpPort":5103}
Generated SSRC: 1092742476
Creating ingest transport...
Mediasoup worker already initialized
Ingest created successfully: {"transportId":"befd5bb6-4ed5-4b50-abb7-cb76b9bc06e1","rtpPort":18733,"rtcpPort":15251,"rtpParameters":{"codecs":[{"mimeType":"video/H264","payloadType":96,"clockRate":90000,"rtcpFeedback":[{"type":"nack"},{"type":"nack","parameter":"pli"},{"type":"ccm","parameter":"fir"},{"type":"goog-remb"}],"parameters":{"packetization-mode":1,"profile-level-id":"42e01f"}}],"encodings":[{"ssrc":1092742476}],"headerExtensions":[{"uri":"urn:ietf:params:rtp-hdrext:sdes:mid","id":10}],"rtcp":{"cname":"stream-1092742476","reducedSize":false,"mux":false}}}
Allocating recording ports...
Recording ports allocated: {"rtpPort":6002,"rtcpPort":6003}
Starting recording...
recording started for 89092137-949e-45d0-b870-b05a0d6df55c -> /Users/eunju.kim/video/TRAINING/SESSION/STUDENT/89092137-949e-45d0-b870-b05a0d6df55c.mp4
Recording started: {"directory":"/Users/eunju.kim/video/TRAINING/SESSION/STUDENT","sdpPath":"/Users/eunju.kim/video/TRAINING/SESSION/STUDENT/89092137-949e-45d0-b870-b05a0d6df55c.sdp","mp4Path":"/Users/eunju.kim/video/TRAINING/SESSION/STUDENT/89092137-949e-45d0-b870-b05a0d6df55c.mp4"}
Creating recording pipeline...
Mediasoup worker already initialized
Recording pipeline created successfully
recording stopped for 89092137-949e-45d0-b870-b05a0d6df55c (code 234)
Starting session for streamKey: 6f0b9ea0-73d9-4d0d-a48d-bff16cdb2380, ports: {"rtpPort":5102,"rtcpPort":5103}
Generated SSRC: 1583181164
Creating ingest transport...
Mediasoup worker already initialized
Ingest created successfully: {"transportId":"6bcf61a3-c173-43fd-af9a-e0e9d9751ff7","rtpPort":16794,"rtcpPort":14937,"rtpParameters":{"codecs":[{"mimeType":"video/H264","payloadType":96,"clockRate":90000,"rtcpFeedback":[{"type":"nack"},{"type":"nack","parameter":"pli"},{"type":"ccm","parameter":"fir"},{"type":"goog-remb"}],"parameters":{"packetization-mode":1,"profile-level-id":"42e01f"}}],"encodings":[{"ssrc":1583181164}],"headerExtensions":[{"uri":"urn:ietf:params:rtp-hdrext:sdes:mid","id":10}],"rtcp":{"cname":"stream-1583181164","reducedSize":false,"mux":false}}}
Allocating recording ports...
Recording ports allocated: {"rtpPort":6002,"rtcpPort":6003}
Starting recording...
recording started for 6f0b9ea0-73d9-4d0d-a48d-bff16cdb2380 -> /Users/eunju.kim/video/TRAINING/SESSION/STUDENT/6f0b9ea0-73d9-4d0d-a48d-bff16cdb2380.mp4
Recording started: {"directory":"/Users/eunju.kim/video/TRAINING/SESSION/STUDENT","sdpPath":"/Users/eunju.kim/video/TRAINING/SESSION/STUDENT/6f0b9ea0-73d9-4d0d-a48d-bff16cdb2380.sdp","mp4Path":"/Users/eunju.kim/video/TRAINING/SESSION/STUDENT/6f0b9ea0-73d9-4d0d-a48d-bff16cdb2380.mp4"}
Creating recording pipeline...
Mediasoup worker already initialized
Recording pipeline created successfully
recording stopped for 6f0b9ea0-73d9-4d0d-a48d-bff16cdb2380 (code 234)
Starting session for streamKey: 87125236-538f-4ffb-bad5-a8e5f8915700, ports: {"rtpPort":5102,"rtcpPort":5103}
Generated SSRC: 1730219038
Creating ingest transport...
Mediasoup worker already initialized
Ingest created successfully: {"transportId":"7b44ff40-d5b8-4719-951c-a34d052983c3","rtpPort":15025,"rtcpPort":17177,"rtpParameters":{"codecs":[{"mimeType":"video/H264","payloadType":96,"clockRate":90000,"rtcpFeedback":[{"type":"nack"},{"type":"nack","parameter":"pli"},{"type":"ccm","parameter":"fir"},{"type":"goog-remb"}],"parameters":{"packetization-mode":1,"profile-level-id":"42e01f"}}],"encodings":[{"ssrc":1730219038}],"headerExtensions":[{"uri":"urn:ietf:params:rtp-hdrext:sdes:mid","id":10}],"rtcp":{"cname":"stream-1730219038","reducedSize":false,"mux":false}}}
Allocating recording ports...
Recording ports allocated: {"rtpPort":6002,"rtcpPort":6003}
Starting recording...
recording started for 87125236-538f-4ffb-bad5-a8e5f8915700 -> /Users/eunju.kim/video/TRAINING/SESSION/STUDENT/87125236-538f-4ffb-bad5-a8e5f8915700.mp4
Recording started: {"directory":"/Users/eunju.kim/video/TRAINING/SESSION/STUDENT","sdpPath":"/Users/eunju.kim/video/TRAINING/SESSION/STUDENT/87125236-538f-4ffb-bad5-a8e5f8915700.sdp","mp4Path":"/Users/eunju.kim/video/TRAINING/SESSION/STUDENT/87125236-538f-4ffb-bad5-a8e5f8915700.mp4"}
Creating recording pipeline...
Mediasoup worker already initialized
Recording pipeline created successfully
recording stopped for 87125236-538f-4ffb-bad5-a8e5f8915700 (code 234)
Starting session for streamKey: de8d21f7-d05a-4d35-bfd2-18e55424efbd, ports: {"rtpPort":5102,"rtcpPort":5103}
Generated SSRC: 1615539540
Creating ingest transport...
Mediasoup worker already initialized
Ingest created successfully: {"transportId":"8abb3649-6235-43cc-8b07-b11509893958","rtpPort":15524,"rtcpPort":15430,"rtpParameters":{"codecs":[{"mimeType":"video/H264","payloadType":96,"clockRate":90000,"rtcpFeedback":[{"type":"nack"},{"type":"nack","parameter":"pli"},{"type":"ccm","parameter":"fir"},{"type":"goog-remb"}],"parameters":{"packetization-mode":1,"profile-level-id":"42e01f"}}],"encodings":[{"ssrc":1615539540}],"headerExtensions":[{"uri":"urn:ietf:params:rtp-hdrext:sdes:mid","id":10}],"rtcp":{"cname":"stream-1615539540","reducedSize":false,"mux":false}}}
Allocating recording ports...
Recording ports allocated: {"rtpPort":6002,"rtcpPort":6003}
Starting recording...
recording started for de8d21f7-d05a-4d35-bfd2-18e55424efbd -> /Users/eunju.kim/video/TRAINING/SESSION/STUDENT/de8d21f7-d05a-4d35-bfd2-18e55424efbd.mp4
Recording started: {"directory":"/Users/eunju.kim/video/TRAINING/SESSION/STUDENT","sdpPath":"/Users/eunju.kim/video/TRAINING/SESSION/STUDENT/de8d21f7-d05a-4d35-bfd2-18e55424efbd.sdp","mp4Path":"/Users/eunju.kim/video/TRAINING/SESSION/STUDENT/de8d21f7-d05a-4d35-bfd2-18e55424efbd.mp4"}
Creating recording pipeline...
Mediasoup worker already initialized
Recording pipeline created successfully
recording stopped for de8d21f7-d05a-4d35-bfd2-18e55424efbd (code 234)
Starting session for streamKey: 88b06f23-fc85-4de5-9a1a-e96742d43a2b, ports: {"rtpPort":5102,"rtcpPort":5103}
Generated SSRC: 2127042716
Creating ingest transport...
Mediasoup worker already initialized
Ingest created successfully: {"transportId":"e97b445d-bdd5-4087-a67c-0aab3855d006","rtpPort":14234,"rtcpPort":13721,"rtpParameters":{"codecs":[{"mimeType":"video/H264","payloadType":96,"clockRate":90000,"rtcpFeedback":[{"type":"nack"},{"type":"nack","parameter":"pli"},{"type":"ccm","parameter":"fir"},{"type":"goog-remb"}],"parameters":{"packetization-mode":1,"profile-level-id":"42e01f"}}],"encodings":[{"ssrc":2127042716}],"headerExtensions":[{"uri":"urn:ietf:params:rtp-hdrext:sdes:mid","id":10}],"rtcp":{"cname":"stream-2127042716","reducedSize":false,"mux":false}}}
Allocating recording ports...
Recording ports allocated: {"rtpPort":6002,"rtcpPort":6003}
Starting recording...
recording started for 88b06f23-fc85-4de5-9a1a-e96742d43a2b -> /Users/eunju.kim/video/TRAINING/SESSION/STUDENT/88b06f23-fc85-4de5-9a1a-e96742d43a2b.mp4
Recording started: {"directory":"/Users/eunju.kim/video/TRAINING/SESSION/STUDENT","sdpPath":"/Users/eunju.kim/video/TRAINING/SESSION/STUDENT/88b06f23-fc85-4de5-9a1a-e96742d43a2b.sdp","mp4Path":"/Users/eunju.kim/video/TRAINING/SESSION/STUDENT/88b06f23-fc85-4de5-9a1a-e96742d43a2b.mp4"}
Creating recording pipeline...
Mediasoup worker already initialized
Recording pipeline created successfully
recording stopped for 88b06f23-fc85-4de5-9a1a-e96742d43a2b (code 234)
Starting session for streamKey: abe7b306-b5c5-4d48-ba64-bd27e204694c, ports: {"rtpPort":5102,"rtcpPort":5103}
Generated SSRC: 1530837485
Creating ingest transport...
Mediasoup worker already initialized
Ingest created successfully: {"transportId":"f3b1c9b4-e27b-44e4-ad61-1b7fbc529278","rtpPort":10264,"rtcpPort":14749,"rtpParameters":{"codecs":[{"mimeType":"video/H264","payloadType":96,"clockRate":90000,"rtcpFeedback":[{"type":"nack"},{"type":"nack","parameter":"pli"},{"type":"ccm","parameter":"fir"},{"type":"goog-remb"}],"parameters":{"packetization-mode":1,"profile-level-id":"42e01f"}}],"encodings":[{"ssrc":1530837485}],"headerExtensions":[{"uri":"urn:ietf:params:rtp-hdrext:sdes:mid","id":10}],"rtcp":{"cname":"stream-1530837485","reducedSize":false,"mux":false}}}
Allocating recording ports...
Recording ports allocated: {"rtpPort":6002,"rtcpPort":6003}
Starting recording...
recording started for abe7b306-b5c5-4d48-ba64-bd27e204694c -> /Users/eunju.kim/video/TRAINING/SESSION/STUDENT/abe7b306-b5c5-4d48-ba64-bd27e204694c.mp4
Recording started: {"directory":"/Users/eunju.kim/video/TRAINING/SESSION/STUDENT","sdpPath":"/Users/eunju.kim/video/TRAINING/SESSION/STUDENT/abe7b306-b5c5-4d48-ba64-bd27e204694c.sdp","mp4Path":"/Users/eunju.kim/video/TRAINING/SESSION/STUDENT/abe7b306-b5c5-4d48-ba64-bd27e204694c.mp4"}
Creating recording pipeline...
Mediasoup worker already initialized
Recording pipeline created successfully
recording stopped for abe7b306-b5c5-4d48-ba64-bd27e204694c (code 234)
Starting session for streamKey: d05fb7c2-cb73-4238-a30b-e7fc42566233, ports: {"rtpPort":5102,"rtcpPort":5103}
Generated SSRC: 473120609
Creating ingest transport...
Mediasoup worker already initialized
Ingest created successfully: {"transportId":"a690d5c0-1f71-4cc3-ab91-6e9835fdb921","rtpPort":13225,"rtcpPort":13326,"rtpParameters":{"codecs":[{"mimeType":"video/H264","payloadType":96,"clockRate":90000,"rtcpFeedback":[{"type":"nack"},{"type":"nack","parameter":"pli"},{"type":"ccm","parameter":"fir"},{"type":"goog-remb"}],"parameters":{"packetization-mode":1,"profile-level-id":"42e01f"}}],"encodings":[{"ssrc":473120609}],"headerExtensions":[{"uri":"urn:ietf:params:rtp-hdrext:sdes:mid","id":10}],"rtcp":{"cname":"stream-473120609","reducedSize":false,"mux":false}}}
Allocating recording ports...
Recording ports allocated: {"rtpPort":6002,"rtcpPort":6003}
Starting recording...
recording started for d05fb7c2-cb73-4238-a30b-e7fc42566233 -> /Users/eunju.kim/video/TRAINING/SESSION/STUDENT/d05fb7c2-cb73-4238-a30b-e7fc42566233.mp4
Recording started: {"directory":"/Users/eunju.kim/video/TRAINING/SESSION/STUDENT","sdpPath":"/Users/eunju.kim/video/TRAINING/SESSION/STUDENT/d05fb7c2-cb73-4238-a30b-e7fc42566233.sdp","mp4Path":"/Users/eunju.kim/video/TRAINING/SESSION/STUDENT/d05fb7c2-cb73-4238-a30b-e7fc42566233.mp4"}
Creating recording pipeline...
Mediasoup worker already initialized
Recording pipeline created successfully
Starting session for streamKey: 7cd32b78-2948-47e5-8add-7914103f0f0e, ports: {"rtpPort":5104,"rtcpPort":5105}
Generated SSRC: 1000478329
Creating ingest transport...
Mediasoup worker already initialized
Ingest created successfully: {"transportId":"b1219c48-9cf4-47da-b5e1-1991411ca8d3","rtpPort":17194,"rtcpPort":10064,"rtpParameters":{"codecs":[{"mimeType":"video/H264","payloadType":96,"clockRate":90000,"rtcpFeedback":[{"type":"nack"},{"type":"nack","parameter":"pli"},{"type":"ccm","parameter":"fir"},{"type":"goog-remb"}],"parameters":{"packetization-mode":1,"profile-level-id":"42e01f"}}],"encodings":[{"ssrc":1000478329}],"headerExtensions":[{"uri":"urn:ietf:params:rtp-hdrext:sdes:mid","id":10}],"rtcp":{"cname":"stream-1000478329","reducedSize":false,"mux":false}}}
Allocating recording ports...
Recording ports allocated: {"rtpPort":6004,"rtcpPort":6005}
Starting recording...
recording started for 7cd32b78-2948-47e5-8add-7914103f0f0e -> /Users/eunju.kim/video/TRAINING/SESSION/STUDENT/7cd32b78-2948-47e5-8add-7914103f0f0e.mp4
Recording started: {"directory":"/Users/eunju.kim/video/TRAINING/SESSION/STUDENT","sdpPath":"/Users/eunju.kim/video/TRAINING/SESSION/STUDENT/7cd32b78-2948-47e5-8add-7914103f0f0e.sdp","mp4Path":"/Users/eunju.kim/video/TRAINING/SESSION/STUDENT/7cd32b78-2948-47e5-8add-7914103f0f0e.mp4"}
Creating recording pipeline...
Mediasoup worker already initialized
Recording pipeline created successfully
Consumer 7e3656d6-55f7-4b6f-97a3-944b13e0468b closed
Consumer a434a7a1-8ff3-4cfa-b952-67fbd8fd8571 closed
recording stopped for bf0cb38b-e586-4a3f-8e47-21307c6461ce (code 234)
websocket closed
websocket connected
Mediasoup worker already initialized
Mediasoup worker already initialized
Creating consumer for streamKey: d05fb7c2-cb73-4238-a30b-e7fc42566233, transportId: c4c0e0a2-14aa-4605-b046-bd8aaa7b7674
Transport found: c4c0e0a2-14aa-4605-b046-bd8aaa7b7674
Producer found: 0e8305f4-d3f6-4391-badd-f6b3691e6b5f, kind: video, paused: false, closed: false
Producer stats: [
  {
    "timestamp": 260011056,
    "ssrc": 473120609,
    "kind": "video",
    "mimeType": "video/H264",
    "packetsLost": 0,
    "fractionLost": 0,
    "packetsDiscarded": 0,
    "packetsRetransmitted": 0,
    "packetsRepaired": 0,
    "nackCount": 0,
    "nackPacketCount": 0,
    "pliCount": 0,
    "firCount": 0,
    "score": 10,
    "roundTripTime": 0,
    "type": "inbound-rtp",
    "jitter": 594,
    "byteCount": 6771274,
    "packetCount": 6868,
    "bitrate": 1170086,
    "bitrateByLayer": {}
  }
]
RTP capabilities check passed
Consumer created: 4ef78b52-c7d8-47b0-8d54-7218de849a81, kind: video, paused: true
Resuming consumer: 4ef78b52-c7d8-47b0-8d54-7218de849a81
Consumer found: 4ef78b52-c7d8-47b0-8d54-7218de849a81, paused: true
Consumer resumed: 4ef78b52-c7d8-47b0-8d54-7218de849a81, paused: false
websocket closed
websocket connected
Mediasoup worker already initialized
Mediasoup worker already initialized
Creating consumer for streamKey: d05fb7c2-cb73-4238-a30b-e7fc42566233, transportId: 1a5f541c-4d68-46ce-ab10-35850d2e3489
Transport found: 1a5f541c-4d68-46ce-ab10-35850d2e3489
Producer found: 0e8305f4-d3f6-4391-badd-f6b3691e6b5f, kind: video, paused: false, closed: false
Producer stats: [
  {
    "timestamp": 260041220,
    "ssrc": 473120609,
    "kind": "video",
    "mimeType": "video/H264",
    "packetsLost": 0,
    "fractionLost": 0,
    "packetsDiscarded": 0,
    "packetsRetransmitted": 0,
    "packetsRepaired": 0,
    "nackCount": 0,
    "nackPacketCount": 0,
    "pliCount": 1,
    "firCount": 0,
    "score": 10,
    "roundTripTime": 0,
    "type": "inbound-rtp",
    "jitter": 464,
    "byteCount": 11102043,
    "packetCount": 11269,
    "bitrate": 1176650,
    "bitrateByLayer": {}
  }
]
RTP capabilities check passed
Consumer created: 720a53a7-3677-4ba1-aae8-8637d8128d86, kind: video, paused: true
Resuming consumer: 720a53a7-3677-4ba1-aae8-8637d8128d86
Consumer found: 720a53a7-3677-4ba1-aae8-8637d8128d86, paused: true
Consumer resumed: 720a53a7-3677-4ba1-aae8-8637d8128d86, paused: false
recording stopped for 7cd32b78-2948-47e5-8add-7914103f0f0e (code 234)
websocket closed
websocket connected
Mediasoup worker already initialized
Mediasoup worker already initialized
Creating consumer for streamKey: d05fb7c2-cb73-4238-a30b-e7fc42566233, transportId: e30c4f76-922c-42f8-9429-757dbd74cc8f
Transport found: e30c4f76-922c-42f8-9429-757dbd74cc8f
Producer found: 0e8305f4-d3f6-4391-badd-f6b3691e6b5f, kind: video, paused: false, closed: false
Producer stats: [
  {
    "timestamp": 260119661,
    "ssrc": 473120609,
    "kind": "video",
    "mimeType": "video/H264",
    "packetsLost": 0,
    "fractionLost": 0,
    "packetsDiscarded": 0,
    "packetsRetransmitted": 0,
    "packetsRepaired": 0,
    "nackCount": 0,
    "nackPacketCount": 0,
    "pliCount": 2,
    "firCount": 0,
    "score": 10,
    "roundTripTime": 0,
    "type": "inbound-rtp",
    "jitter": 1465,
    "byteCount": 22143562,
    "packetCount": 22498,
    "bitrate": 979510,
    "bitrateByLayer": {}
  }
]
RTP capabilities check passed
Consumer created: 5c4e7d8c-12fd-4e4d-9d72-394eba519d91, kind: video, paused: true
Resuming consumer: 5c4e7d8c-12fd-4e4d-9d72-394eba519d91
Consumer found: 5c4e7d8c-12fd-4e4d-9d72-394eba519d91, paused: true
Consumer resumed: 5c4e7d8c-12fd-4e4d-9d72-394eba519d91, paused: false
websocket closed
Starting session for streamKey: c54a1f44-8d82-4dfe-861a-575e605e6970, ports: {"rtpPort":5100,"rtcpPort":5101}
Generated SSRC: 1821614490
Creating ingest transport...
Mediasoup worker already initialized
Ingest created successfully: {"transportId":"21c99c10-aa2a-4443-a8f2-0918e69e041f","rtpPort":15606,"rtcpPort":14824,"rtpParameters":{"codecs":[{"mimeType":"video/H264","payloadType":96,"clockRate":90000,"rtcpFeedback":[{"type":"nack"},{"type":"nack","parameter":"pli"},{"type":"ccm","parameter":"fir"},{"type":"goog-remb"}],"parameters":{"packetization-mode":1,"profile-level-id":"42e01f"}}],"encodings":[{"ssrc":1821614490}],"headerExtensions":[{"uri":"urn:ietf:params:rtp-hdrext:sdes:mid","id":10}],"rtcp":{"cname":"stream-1821614490","reducedSize":false,"mux":false}}}
Allocating recording ports...
Recording ports allocated: {"rtpPort":6000,"rtcpPort":6001}
Starting recording...
recording started for c54a1f44-8d82-4dfe-861a-575e605e6970 -> /Users/eunju.kim/video/TRAINING/SESSION/STUDENT/c54a1f44-8d82-4dfe-861a-575e605e6970.mp4
Recording started: {"directory":"/Users/eunju.kim/video/TRAINING/SESSION/STUDENT","sdpPath":"/Users/eunju.kim/video/TRAINING/SESSION/STUDENT/c54a1f44-8d82-4dfe-861a-575e605e6970.sdp","mp4Path":"/Users/eunju.kim/video/TRAINING/SESSION/STUDENT/c54a1f44-8d82-4dfe-861a-575e605e6970.mp4"}
Creating recording pipeline...
Mediasoup worker already initialized
Recording pipeline created successfully
Consumer 4ef78b52-c7d8-47b0-8d54-7218de849a81 closed
Consumer 720a53a7-3677-4ba1-aae8-8637d8128d86 closed
Consumer 5c4e7d8c-12fd-4e4d-9d72-394eba519d91 closed
recording stopped for d05fb7c2-cb73-4238-a30b-e7fc42566233 (code 234)
recording stopped for c54a1f44-8d82-4dfe-861a-575e605e6970 (code 234)
Starting session for streamKey: c4ee9a58-3467-4dae-ab9b-695d29c452cd, ports: {"rtpPort":5104,"rtcpPort":5105}
Generated SSRC: 2141836537
Creating ingest transport...
Mediasoup worker already initialized
Ingest created successfully: {"transportId":"b010102a-fa73-47d7-b1be-2a87367e7712","rtpPort":18873,"rtcpPort":11330,"rtpParameters":{"codecs":[{"mimeType":"video/H264","payloadType":96,"clockRate":90000,"rtcpFeedback":[{"type":"nack"},{"type":"nack","parameter":"pli"},{"type":"ccm","parameter":"fir"},{"type":"goog-remb"}],"parameters":{"packetization-mode":1,"profile-level-id":"42e01f"}}],"encodings":[{"ssrc":2141836537}],"headerExtensions":[{"uri":"urn:ietf:params:rtp-hdrext:sdes:mid","id":10}],"rtcp":{"cname":"stream-2141836537","reducedSize":false,"mux":false}}}
Allocating recording ports...
Recording ports allocated: {"rtpPort":6004,"rtcpPort":6005}
Starting recording...
recording started for c4ee9a58-3467-4dae-ab9b-695d29c452cd -> /Users/eunju.kim/video/T001/S001/ST001/c4ee9a58-3467-4dae-ab9b-695d29c452cd.mp4
Recording started: {"directory":"/Users/eunju.kim/video/T001/S001/ST001","sdpPath":"/Users/eunju.kim/video/T001/S001/ST001/c4ee9a58-3467-4dae-ab9b-695d29c452cd.sdp","mp4Path":"/Users/eunju.kim/video/T001/S001/ST001/c4ee9a58-3467-4dae-ab9b-695d29c452cd.mp4"}
Creating recording pipeline...
Mediasoup worker already initialized
Recording pipeline created successfully
Starting session for streamKey: f2e303ec-dba5-4f10-a02d-ea14338d225c, ports: {"rtpPort":5102,"rtcpPort":5103}
Generated SSRC: 567057159
Creating ingest transport...
Mediasoup worker already initialized
Ingest created successfully: {"transportId":"de83afbe-a10d-4c47-a17c-314fe5baaa2e","rtpPort":18125,"rtcpPort":12102,"rtpParameters":{"codecs":[{"mimeType":"video/H264","payloadType":96,"clockRate":90000,"rtcpFeedback":[{"type":"nack"},{"type":"nack","parameter":"pli"},{"type":"ccm","parameter":"fir"},{"type":"goog-remb"}],"parameters":{"packetization-mode":1,"profile-level-id":"42e01f"}}],"encodings":[{"ssrc":567057159}],"headerExtensions":[{"uri":"urn:ietf:params:rtp-hdrext:sdes:mid","id":10}],"rtcp":{"cname":"stream-567057159","reducedSize":false,"mux":false}}}
Allocating recording ports...
Recording ports allocated: {"rtpPort":6002,"rtcpPort":6003}
Starting recording...
recording started for f2e303ec-dba5-4f10-a02d-ea14338d225c -> /Users/eunju.kim/video/TRAINING/SESSION/STUDENT/f2e303ec-dba5-4f10-a02d-ea14338d225c.mp4
Recording started: {"directory":"/Users/eunju.kim/video/TRAINING/SESSION/STUDENT","sdpPath":"/Users/eunju.kim/video/TRAINING/SESSION/STUDENT/f2e303ec-dba5-4f10-a02d-ea14338d225c.sdp","mp4Path":"/Users/eunju.kim/video/TRAINING/SESSION/STUDENT/f2e303ec-dba5-4f10-a02d-ea14338d225c.mp4"}
Creating recording pipeline...
Mediasoup worker already initialized
Recording pipeline created successfully
websocket connected
Mediasoup worker already initialized
Mediasoup worker already initialized
Creating consumer for streamKey: c4ee9a58-3467-4dae-ab9b-695d29c452cd, transportId: 7d577528-7c52-4ede-b698-c4205b5c9e99
Transport found: 7d577528-7c52-4ede-b698-c4205b5c9e99
Producer found: eb605dda-52c3-4ea1-b5ee-1ddd6172276f, kind: video, paused: false, closed: false
Producer stats: []
RTP capabilities check passed
Consumer created: b72167a4-114f-4211-9f58-87c7267d5994, kind: video, paused: true
Resuming consumer: b72167a4-114f-4211-9f58-87c7267d5994
Consumer found: b72167a4-114f-4211-9f58-87c7267d5994, paused: true
Consumer resumed: b72167a4-114f-4211-9f58-87c7267d5994, paused: false
websocket closed
websocket connected
Mediasoup worker already initialized
Mediasoup worker already initialized
Creating consumer for streamKey: c4ee9a58-3467-4dae-ab9b-695d29c452cd, transportId: e1c8b4a8-8d2c-472e-b002-54cea339515d
Transport found: e1c8b4a8-8d2c-472e-b002-54cea339515d
Producer found: eb605dda-52c3-4ea1-b5ee-1ddd6172276f, kind: video, paused: false, closed: false
Producer stats: []
RTP capabilities check passed
Consumer created: 6f01fa7c-ac6a-47f6-8660-36c930473957, kind: video, paused: true
Resuming consumer: 6f01fa7c-ac6a-47f6-8660-36c930473957
Consumer found: 6f01fa7c-ac6a-47f6-8660-36c930473957, paused: true
Consumer resumed: 6f01fa7c-ac6a-47f6-8660-36c930473957, paused: false
websocket closed
websocket connected
Mediasoup worker already initialized
Mediasoup worker already initialized
Creating consumer for streamKey: c4ee9a58-3467-4dae-ab9b-695d29c452cd, transportId: 02dffd3d-87b6-4528-9c14-a25dafdb966f
Transport found: 02dffd3d-87b6-4528-9c14-a25dafdb966f
Producer found: eb605dda-52c3-4ea1-b5ee-1ddd6172276f, kind: video, paused: false, closed: false
Producer stats: []
RTP capabilities check passed
Consumer created: 1fbe70c3-2efd-4d38-a3b4-2a08ff226622, kind: video, paused: true
Resuming consumer: 1fbe70c3-2efd-4d38-a3b4-2a08ff226622
Consumer found: 1fbe70c3-2efd-4d38-a3b4-2a08ff226622, paused: true
Consumer resumed: 1fbe70c3-2efd-4d38-a3b4-2a08ff226622, paused: false
websocket closed
websocket connected
Mediasoup worker already initialized
Mediasoup worker already initialized
Creating consumer for streamKey: f2e303ec-dba5-4f10-a02d-ea14338d225c, transportId: a04926b0-54f2-488c-b796-4756f1ab298c
Transport found: a04926b0-54f2-488c-b796-4756f1ab298c
Producer found: f658da5b-537e-4151-a192-ace679b4aa15, kind: video, paused: false, closed: false
Producer stats: [
  {
    "timestamp": 260306532,
    "ssrc": 567057159,
    "kind": "video",
    "mimeType": "video/H264",
    "packetsLost": 0,
    "fractionLost": 0,
    "packetsDiscarded": 0,
    "packetsRetransmitted": 0,
    "packetsRepaired": 0,
    "nackCount": 0,
    "nackPacketCount": 0,
    "pliCount": 0,
    "firCount": 0,
    "score": 10,
    "roundTripTime": 0,
    "type": "inbound-rtp",
    "jitter": 107,
    "byteCount": 2677729,
    "packetCount": 2729,
    "bitrate": 944538,
    "bitrateByLayer": {}
  }
]
RTP capabilities check passed
Consumer created: ffad6c55-e1cc-4a74-b9c8-3bf2a5bb4e4b, kind: video, paused: true
Resuming consumer: ffad6c55-e1cc-4a74-b9c8-3bf2a5bb4e4b
Consumer found: ffad6c55-e1cc-4a74-b9c8-3bf2a5bb4e4b, paused: true
Consumer resumed: ffad6c55-e1cc-4a74-b9c8-3bf2a5bb4e4b, paused: false
Consumer ffad6c55-e1cc-4a74-b9c8-3bf2a5bb4e4b closed
recording stopped for f2e303ec-dba5-4f10-a02d-ea14338d225c (code 234)
websocket closed
websocket connected
websocket closed
Starting session for streamKey: 65221359-ebd4-4343-bd7a-a3662cbdc519, ports: {"rtpPort":5100,"rtcpPort":5101}
Generated SSRC: 1483433735
Creating ingest transport...
Mediasoup worker already initialized
Ingest created successfully: {"transportId":"28343a73-f209-453e-89a4-7adb9fdcd1d6","rtpPort":12841,"rtcpPort":15276,"rtpParameters":{"codecs":[{"mimeType":"video/H264","payloadType":96,"clockRate":90000,"rtcpFeedback":[{"type":"nack"},{"type":"nack","parameter":"pli"},{"type":"ccm","parameter":"fir"},{"type":"goog-remb"}],"parameters":{"packetization-mode":1,"profile-level-id":"42e01f"}}],"encodings":[{"ssrc":1483433735}],"headerExtensions":[{"uri":"urn:ietf:params:rtp-hdrext:sdes:mid","id":10}],"rtcp":{"cname":"stream-1483433735","reducedSize":false,"mux":false}}}
Allocating recording ports...
Recording ports allocated: {"rtpPort":6000,"rtcpPort":6001}
Starting recording...
recording started for 65221359-ebd4-4343-bd7a-a3662cbdc519 -> /Users/eunju.kim/video/TRAINING/SESSION/STUDENT/65221359-ebd4-4343-bd7a-a3662cbdc519.mp4
Recording started: {"directory":"/Users/eunju.kim/video/TRAINING/SESSION/STUDENT","sdpPath":"/Users/eunju.kim/video/TRAINING/SESSION/STUDENT/65221359-ebd4-4343-bd7a-a3662cbdc519.sdp","mp4Path":"/Users/eunju.kim/video/TRAINING/SESSION/STUDENT/65221359-ebd4-4343-bd7a-a3662cbdc519.mp4"}
Creating recording pipeline...
Mediasoup worker already initialized
Recording pipeline created successfully
recording stopped for 65221359-ebd4-4343-bd7a-a3662cbdc519 (code 234)
Starting session for streamKey: 4e037f0d-9501-45ee-8ed0-fd68f5fb9161, ports: {"rtpPort":5102,"rtcpPort":5103}
Generated SSRC: 1792204479
Creating ingest transport...
Mediasoup worker already initialized
Ingest created successfully: {"transportId":"0d6eca5b-15c3-4d5d-89cb-1b00bd3e04d0","rtpPort":15340,"rtcpPort":15839,"rtpParameters":{"codecs":[{"mimeType":"video/H264","payloadType":96,"clockRate":90000,"rtcpFeedback":[{"type":"nack"},{"type":"nack","parameter":"pli"},{"type":"ccm","parameter":"fir"},{"type":"goog-remb"}],"parameters":{"packetization-mode":1,"profile-level-id":"42e01f"}}],"encodings":[{"ssrc":1792204479}],"headerExtensions":[{"uri":"urn:ietf:params:rtp-hdrext:sdes:mid","id":10}],"rtcp":{"cname":"stream-1792204479","reducedSize":false,"mux":false}}}
Allocating recording ports...
Recording ports allocated: {"rtpPort":6002,"rtcpPort":6003}
Starting recording...
recording started for 4e037f0d-9501-45ee-8ed0-fd68f5fb9161 -> /Users/eunju.kim/video/TRAINING/SESSION/STUDENT/4e037f0d-9501-45ee-8ed0-fd68f5fb9161.mp4
Recording started: {"directory":"/Users/eunju.kim/video/TRAINING/SESSION/STUDENT","sdpPath":"/Users/eunju.kim/video/TRAINING/SESSION/STUDENT/4e037f0d-9501-45ee-8ed0-fd68f5fb9161.sdp","mp4Path":"/Users/eunju.kim/video/TRAINING/SESSION/STUDENT/4e037f0d-9501-45ee-8ed0-fd68f5fb9161.mp4"}
Creating recording pipeline...
Mediasoup worker already initialized
Recording pipeline created successfully
websocket connected
Mediasoup worker already initialized
Mediasoup worker already initialized
Creating consumer for streamKey: c4ee9a58-3467-4dae-ab9b-695d29c452cd, transportId: 02ac2c06-e799-4076-878b-c06d42ef06b6
Transport found: 02ac2c06-e799-4076-878b-c06d42ef06b6
Producer found: eb605dda-52c3-4ea1-b5ee-1ddd6172276f, kind: video, paused: false, closed: false
Producer stats: []
RTP capabilities check passed
Consumer created: 91c9e73a-42a4-48d3-bc5c-482767d09765, kind: video, paused: true
Resuming consumer: 91c9e73a-42a4-48d3-bc5c-482767d09765
Consumer found: 91c9e73a-42a4-48d3-bc5c-482767d09765, paused: true
Consumer resumed: 91c9e73a-42a4-48d3-bc5c-482767d09765, paused: false
websocket closed
websocket connected
Mediasoup worker already initialized
Mediasoup worker already initialized
Creating consumer for streamKey: c4ee9a58-3467-4dae-ab9b-695d29c452cd, transportId: 3c0d69bc-7bdb-4eee-9840-9b8073205316
Transport found: 3c0d69bc-7bdb-4eee-9840-9b8073205316
Producer found: eb605dda-52c3-4ea1-b5ee-1ddd6172276f, kind: video, paused: false, closed: false
Producer stats: []
RTP capabilities check passed
Consumer created: 0c701e79-2d93-4259-bdc7-4bd0a3fbabec, kind: video, paused: true
Resuming consumer: 0c701e79-2d93-4259-bdc7-4bd0a3fbabec
Consumer found: 0c701e79-2d93-4259-bdc7-4bd0a3fbabec, paused: true
Consumer resumed: 0c701e79-2d93-4259-bdc7-4bd0a3fbabec, paused: false
websocket closed
websocket connected
Mediasoup worker already initialized
Mediasoup worker already initialized
Creating consumer for streamKey: 4e037f0d-9501-45ee-8ed0-fd68f5fb9161, transportId: aa0c6692-dd2c-4b28-903f-1056dee9c457
Transport found: aa0c6692-dd2c-4b28-903f-1056dee9c457
Producer found: 92271ab6-332b-4b40-920a-c8a1ca33a687, kind: video, paused: false, closed: false
Producer stats: [
  {
    "timestamp": 260650300,
    "ssrc": 1792204479,
    "kind": "video",
    "mimeType": "video/H264",
    "packetsLost": 0,
    "fractionLost": 0,
    "packetsDiscarded": 0,
    "packetsRetransmitted": 0,
    "packetsRepaired": 0,
    "nackCount": 0,
    "nackPacketCount": 0,
    "pliCount": 0,
    "firCount": 0,
    "score": 10,
    "roundTripTime": 0,
    "type": "inbound-rtp",
    "jitter": 3507,
    "byteCount": 1425627,
    "packetCount": 1805,
    "bitrate": 201098,
    "bitrateByLayer": {}
  }
]
RTP capabilities check passed
Consumer created: a95808e2-2fdb-44b9-8976-c2cb5f98f2f2, kind: video, paused: true
Resuming consumer: a95808e2-2fdb-44b9-8976-c2cb5f98f2f2
Consumer found: a95808e2-2fdb-44b9-8976-c2cb5f98f2f2, paused: true
Consumer resumed: a95808e2-2fdb-44b9-8976-c2cb5f98f2f2, paused: false
websocket closed
websocket connected
Mediasoup worker already initialized
Mediasoup worker already initialized
Creating consumer for streamKey: 4e037f0d-9501-45ee-8ed0-fd68f5fb9161, transportId: 74bd7004-3529-46d4-9a42-69a8710811bc
Transport found: 74bd7004-3529-46d4-9a42-69a8710811bc
Producer found: 92271ab6-332b-4b40-920a-c8a1ca33a687, kind: video, paused: false, closed: false
Producer stats: [
  {
    "timestamp": 260659233,
    "ssrc": 1792204479,
    "kind": "video",
    "mimeType": "video/H264",
    "packetsLost": 0,
    "fractionLost": 0,
    "packetsDiscarded": 0,
    "packetsRetransmitted": 0,
    "packetsRepaired": 0,
    "nackCount": 0,
    "nackPacketCount": 0,
    "pliCount": 1,
    "firCount": 0,
    "score": 10,
    "roundTripTime": 0,
    "type": "inbound-rtp",
    "jitter": 2085,
    "byteCount": 1733230,
    "packetCount": 2192,
    "bitrate": 387750,
    "bitrateByLayer": {}
  }
]
RTP capabilities check passed
Consumer created: f60c5b14-771a-4329-b7d5-b26fb88fa56d, kind: video, paused: true
Resuming consumer: f60c5b14-771a-4329-b7d5-b26fb88fa56d
Consumer found: f60c5b14-771a-4329-b7d5-b26fb88fa56d, paused: true
Consumer resumed: f60c5b14-771a-4329-b7d5-b26fb88fa56d, paused: false
websocket closed
websocket connected
Mediasoup worker already initialized
Mediasoup worker already initialized
Creating consumer for streamKey: 4e037f0d-9501-45ee-8ed0-fd68f5fb9161, transportId: f20c680d-4d0a-4a68-a49f-720d1de3b8f4
Transport found: f20c680d-4d0a-4a68-a49f-720d1de3b8f4
Producer found: 92271ab6-332b-4b40-920a-c8a1ca33a687, kind: video, paused: false, closed: false
Producer stats: [
  {
    "timestamp": 260716073,
    "ssrc": 1792204479,
    "kind": "video",
    "mimeType": "video/H264",
    "packetsLost": 0,
    "fractionLost": 0,
    "packetsDiscarded": 0,
    "packetsRetransmitted": 0,
    "packetsRepaired": 0,
    "nackCount": 0,
    "nackPacketCount": 0,
    "pliCount": 3,
    "firCount": 0,
    "score": 10,
    "roundTripTime": 0,
    "type": "inbound-rtp",
    "jitter": 1726,
    "byteCount": 3585040,
    "packetCount": 4573,
    "bitrate": 202445,
    "bitrateByLayer": {}
  }
]
RTP capabilities check passed
Consumer created: 4287e56b-5fa2-46fa-ae57-c8a147e0e1ea, kind: video, paused: true
Resuming consumer: 4287e56b-5fa2-46fa-ae57-c8a147e0e1ea
Consumer found: 4287e56b-5fa2-46fa-ae57-c8a147e0e1ea, paused: true
Consumer resumed: 4287e56b-5fa2-46fa-ae57-c8a147e0e1ea, paused: false
websocket closed
websocket connected
Mediasoup worker already initialized
Mediasoup worker already initialized
Creating consumer for streamKey: 4e037f0d-9501-45ee-8ed0-fd68f5fb9161, transportId: 0b95d29d-7fb8-4550-bc3f-e283e05568c3
Transport found: 0b95d29d-7fb8-4550-bc3f-e283e05568c3
Producer found: 92271ab6-332b-4b40-920a-c8a1ca33a687, kind: video, paused: false, closed: false
Producer stats: [
  {
    "timestamp": 260758517,
    "ssrc": 1792204479,
    "kind": "video",
    "mimeType": "video/H264",
    "packetsLost": 0,
    "fractionLost": 0,
    "packetsDiscarded": 0,
    "packetsRetransmitted": 0,
    "packetsRepaired": 0,
    "nackCount": 0,
    "nackPacketCount": 0,
    "pliCount": 4,
    "firCount": 0,
    "score": 10,
    "roundTripTime": 0,
    "type": "inbound-rtp",
    "jitter": 1123,
    "byteCount": 5002405,
    "packetCount": 6376,
    "bitrate": 390438,
    "bitrateByLayer": {}
  }
]
RTP capabilities check passed
Consumer created: 1fb06925-a536-47ee-9298-276e9ca02d13, kind: video, paused: true
Resuming consumer: 1fb06925-a536-47ee-9298-276e9ca02d13
Consumer found: 1fb06925-a536-47ee-9298-276e9ca02d13, paused: true
Consumer resumed: 1fb06925-a536-47ee-9298-276e9ca02d13, paused: false
websocket closed
websocket connected
Mediasoup worker already initialized
Mediasoup worker already initialized
Creating consumer for streamKey: 4e037f0d-9501-45ee-8ed0-fd68f5fb9161, transportId: 5dc49b11-562d-42dc-92d3-fb4593054384
Transport found: 5dc49b11-562d-42dc-92d3-fb4593054384
Producer found: 92271ab6-332b-4b40-920a-c8a1ca33a687, kind: video, paused: false, closed: false
Producer stats: [
  {
    "timestamp": 260849814,
    "ssrc": 1792204479,
    "kind": "video",
    "mimeType": "video/H264",
    "packetsLost": 0,
    "fractionLost": 0,
    "packetsDiscarded": 0,
    "packetsRetransmitted": 0,
    "packetsRepaired": 0,
    "nackCount": 0,
    "nackPacketCount": 0,
    "pliCount": 6,
    "firCount": 0,
    "score": 10,
    "roundTripTime": 0,
    "type": "inbound-rtp",
    "jitter": 3821,
    "byteCount": 7964923,
    "packetCount": 10182,
    "bitrate": 200090,
    "bitrateByLayer": {}
  }
]
RTP capabilities check passed
Consumer created: 508c4ffd-616b-4ec5-bcbc-2f003e0228f1, kind: video, paused: true
Resuming consumer: 508c4ffd-616b-4ec5-bcbc-2f003e0228f1
Consumer found: 508c4ffd-616b-4ec5-bcbc-2f003e0228f1, paused: true
Consumer resumed: 508c4ffd-616b-4ec5-bcbc-2f003e0228f1, paused: false
websocket closed
websocket connected
Mediasoup worker already initialized
Mediasoup worker already initialized
Creating consumer for streamKey: 4e037f0d-9501-45ee-8ed0-fd68f5fb9161, transportId: 9d465bab-bd12-4b1a-889d-fd19fe293ef8
Transport found: 9d465bab-bd12-4b1a-889d-fd19fe293ef8
Producer found: 92271ab6-332b-4b40-920a-c8a1ca33a687, kind: video, paused: false, closed: false
Producer stats: [
  {
    "timestamp": 261030219,
    "ssrc": 1792204479,
    "kind": "video",
    "mimeType": "video/H264",
    "packetsLost": 0,
    "fractionLost": 0,
    "packetsDiscarded": 0,
    "packetsRetransmitted": 0,
    "packetsRepaired": 0,
    "nackCount": 0,
    "nackPacketCount": 0,
    "pliCount": 7,
    "firCount": 0,
    "score": 10,
    "roundTripTime": 0,
    "type": "inbound-rtp",
    "jitter": 3533,
    "byteCount": 13763432,
    "packetCount": 17606,
    "bitrate": 201770,
    "bitrateByLayer": {}
  }
]
RTP capabilities check passed
Consumer created: c29bd302-d04d-4651-be35-95b12c97dfdb, kind: video, paused: true
websocket closed
